<?xml version="1.0" encoding="UTF-8"?>
<!-- Generated by org.testng.reporters.JUnitReportReporter -->
<testsuite hostname="LAPTOP-2D0MJJ4C" failures="0" tests="12" name="restassuredTest2.DummyJsonGetProduct1$DummyJsonGet" time="10.774" errors="0" timestamp="2022-12-20T16:02:40 IST" skipped="0">
  <testcase classname="restassuredTest2.DummyJsonGetProduct1$DummyJsonGet" name="checkStatusCode" time="0.791"/>
  <system-out/>
  <testcase classname="restassuredTest2.DummyJsonGetProduct1$DummyJsonGet" name="CheckDiscountPercentage" time="0.787"/>
  <system-out/>
  <testcase classname="restassuredTest2.DummyJsonGetProduct1$DummyJsonGet" name="checkCategoryIgnoreCase" time="0.979"/>
  <system-out/>
  <testcase classname="restassuredTest2.DummyJsonGetProduct1$DummyJsonGet" name="checkDesc" time="0.918"/>
  <system-out/>
  <testcase classname="restassuredTest2.DummyJsonGetProduct1$DummyJsonGet" name="checkTitleEndsWith" time="0.763"/>
  <system-out/>
  <testcase classname="restassuredTest2.DummyJsonGetProduct1$DummyJsonGet" name="CheckStock" time="0.770"/>
  <system-out/>
  <testcase classname="restassuredTest2.DummyJsonGetProduct1$DummyJsonGet" name="checkTitlecontainString" time="0.750"/>
  <system-out/>
  <testcase classname="restassuredTest2.DummyJsonGetProduct1$DummyJsonGet" name="checkTitleStartsWith" time="0.742"/>
  <system-out/>
  <testcase classname="restassuredTest2.DummyJsonGetProduct1$DummyJsonGet" name="CheckBrand" time="1.930"/>
  <system-out/>
  <testcase classname="restassuredTest2.DummyJsonGetProduct1$DummyJsonGet" name="CheckRating" time="0.789"/>
  <system-out/>
  <testcase classname="restassuredTest2.DummyJsonGetProduct1$DummyJsonGet" name="checkTitle" time="0.758"/>
  <system-out/>
  <testcase classname="restassuredTest2.DummyJsonGetProduct1$DummyJsonGet" name="checkPrice" time="0.797"/>
  <system-out/>
</testsuite> <!-- restassuredTest2.DummyJsonGetProduct1$DummyJsonGet -->
