<?xml version="1.0" encoding="UTF-8"?>
<!-- Generated by org.testng.reporters.JUnitReportReporter -->
<testsuite hostname="LTILPUN21500279" failures="0" tests="5" name="restassuredTests.Plan904" time="9.416" errors="0" timestamp="2022-03-23T18:45:02 IST" skipped="0">
  <testcase classname="restassuredTests.Plan904" name="TC01" time="3.207"/>
  <system-out/>
  <testcase classname="restassuredTests.Plan904" name="TC05" time="1.553"/>
  <system-out/>
  <testcase classname="restassuredTests.Plan904" name="TC04" time="1.551"/>
  <system-out/>
  <testcase classname="restassuredTests.Plan904" name="TC03" time="1.542"/>
  <system-out/>
  <testcase classname="restassuredTests.Plan904" name="TC02" time="1.563"/>
  <system-out/>
</testsuite> <!-- restassuredTests.Plan904 -->
