<?xml version="1.0" encoding="UTF-8"?>
<!-- Generated by org.testng.reporters.JUnitReportReporter -->
<testsuite hostname="LAPTOP-2D0MJJ4C" failures="0" tests="1" name="restassuredTest2.Http_201_created" time="1.970" errors="0" timestamp="2022-12-20T15:21:36 IST" skipped="0">
  <testcase classname="restassuredTest2.Http_201_created" name="check422Code" time="1.970"/>
  <system-out/>
</testsuite> <!-- restassuredTest2.Http_201_created -->
