<?xml version="1.0" encoding="UTF-8"?>
<!-- Generated by org.testng.reporters.JUnitReportReporter -->
<testsuite hostname="LAPTOP-2D0MJJ4C" failures="0" tests="1" name="restassuredTest2.Http_404_NotFound" time="1.476" errors="0" timestamp="2022-12-20T14:09:13 IST" skipped="0">
  <testcase classname="restassuredTest2.Http_404_NotFound" name="check404Code" time="1.476"/>
  <system-out/>
</testsuite> <!-- restassuredTest2.Http_404_NotFound -->
