<?xml version="1.0" encoding="UTF-8"?>
<!-- Generated by org.testng.reporters.JUnitReportReporter -->
<testsuite hostname="LAPTOP-2D0MJJ4C" failures="0" tests="3" name="restassuredTest2.DummyJsonGet" time="2.359" errors="0" timestamp="2022-12-20T16:02:40 IST" skipped="0">
  <testcase classname="restassuredTest2.DummyJsonGet" name="checkStatusCode" time="0.772"/>
  <system-out/>
  <testcase classname="restassuredTest2.DummyJsonGet" name="checkTitle" time="0.800"/>
  <system-out/>
  <testcase classname="restassuredTest2.DummyJsonGet" name="checkwithResponse" time="0.787"/>
  <system-out/>
</testsuite> <!-- restassuredTest2.DummyJsonGet -->
