<?xml version="1.0" encoding="UTF-8"?>
<!-- Generated by org.testng.reporters.JUnitReportReporter -->
<testsuite hostname="LTILPUN21500279" failures="0" tests="5" name="restassuredTests.Test1" time="9.636" errors="0" timestamp="2022-03-23T17:02:20 IST" skipped="0">
  <testcase classname="restassuredTests.Test1" name="TC01" time="3.315"/>
  <system-out/>
  <testcase classname="restassuredTests.Test1" name="TC05" time="1.585"/>
  <system-out/>
  <testcase classname="restassuredTests.Test1" name="TC03" time="1.555"/>
  <system-out/>
  <testcase classname="restassuredTests.Test1" name="TC02" time="1.606"/>
  <system-out/>
  <testcase classname="restassuredTests.Test1" name="TC04" time="1.575"/>
  <system-out/>
</testsuite> <!-- restassuredTests.Test1 -->
