<?xml version="1.0" encoding="UTF-8"?>
<!-- Generated by org.testng.reporters.JUnitReportReporter -->
<testsuite hostname="LTILPUN21500279" failures="0" tests="5" name="restassuredTests.Plan903" time="11.837" errors="0" timestamp="2022-03-23T18:48:08 IST" skipped="0">
  <testcase classname="restassuredTests.Plan903" name="TC08" time="2.553"/>
  <system-out/>
  <testcase classname="restassuredTests.Plan903" name="TC07" time="2.140"/>
  <system-out/>
  <testcase classname="restassuredTests.Plan903" name="TC09" time="2.104"/>
  <system-out/>
  <testcase classname="restassuredTests.Plan903" name="TC10" time="2.112"/>
  <system-out/>
  <testcase classname="restassuredTests.Plan903" name="TC06" time="2.928"/>
  <system-out/>
</testsuite> <!-- restassuredTests.Plan903 -->
